<?xml version="1.0" encoding="UTF-8"?>
<testng-results skipped="0" failed="1" total="2" passed="1">
  <reporter-output>
  </reporter-output>
  <suite name="Surefire suite" duration-ms="34553" started-at="2020-11-07T09:07:04Z" finished-at="2020-11-07T09:07:39Z">
    <groups>
    </groups>
    <test name="Surefire test" duration-ms="34553" started-at="2020-11-07T09:07:04Z" finished-at="2020-11-07T09:07:39Z">
      <class name="BaseTest">
        <test-method status="PASS" signature="beforeTest()[pri:0, instance:BaseTest@4c37b5b]" name="beforeTest" is-config="true" duration-ms="54" started-at="2020-11-07T14:37:04Z" finished-at="2020-11-07T14:37:04Z">
          <reporter-output>
          </reporter-output>
        </test-method> <!-- beforeTest -->
        <test-method status="PASS" signature="beforeMethod()[pri:0, instance:BaseTest@4c37b5b]" name="beforeMethod" is-config="true" duration-ms="9341" started-at="2020-11-07T14:37:04Z" finished-at="2020-11-07T14:37:14Z">
          <reporter-output>
          </reporter-output>
        </test-method> <!-- beforeMethod -->
        <test-method status="PASS" signature="launchTestAutomationGuruTest()[pri:0, instance:BaseTest@4c37b5b]" name="launchTestAutomationGuruTest" duration-ms="9635" started-at="2020-11-07T14:37:14Z" finished-at="2020-11-07T14:37:23Z">
          <reporter-output>
          </reporter-output>
        </test-method> <!-- launchTestAutomationGuruTest -->
        <test-method status="PASS" signature="afterMethod()[pri:0, instance:BaseTest@4c37b5b]" name="afterMethod" is-config="true" duration-ms="3" started-at="2020-11-07T14:37:23Z" finished-at="2020-11-07T14:37:23Z">
          <reporter-output>
          </reporter-output>
        </test-method> <!-- afterMethod -->
        <test-method status="PASS" signature="beforeMethod()[pri:0, instance:BaseTest@4c37b5b]" name="beforeMethod" is-config="true" duration-ms="7060" started-at="2020-11-07T14:37:23Z" finished-at="2020-11-07T14:37:30Z">
          <reporter-output>
          </reporter-output>
        </test-method> <!-- beforeMethod -->
        <test-method status="FAIL" signature="testAccessibility()[pri:0, instance:BaseTest@4c37b5b]" name="testAccessibility" duration-ms="8344" started-at="2020-11-07T14:37:30Z" description="Check Accessibility of page" finished-at="2020-11-07T14:37:39Z">
          <exception class="java.lang.AssertionError">
            <message>
              <![CDATA[expected [true] but found [false]]]>
            </message>
            <full-stacktrace>
              <![CDATA[java.lang.AssertionError: expected [true] but found [false]
	at org.testng.Assert.fail(Assert.java:94)
	at org.testng.Assert.failNotEquals(Assert.java:496)
	at org.testng.Assert.assertTrue(Assert.java:42)
	at org.testng.Assert.assertTrue(Assert.java:52)
	at BaseTest.testAccessibility(BaseTest.java:107)
	at sun.reflect.NativeMethodAccessorImpl.invoke0(Native Method)
	at sun.reflect.NativeMethodAccessorImpl.invoke(NativeMethodAccessorImpl.java:62)
	at sun.reflect.DelegatingMethodAccessorImpl.invoke(DelegatingMethodAccessorImpl.java:43)
	at java.lang.reflect.Method.invoke(Method.java:498)
	at org.testng.internal.MethodInvocationHelper.invokeMethod(MethodInvocationHelper.java:85)
	at org.testng.internal.Invoker.invokeMethod(Invoker.java:639)
	at org.testng.internal.Invoker.invokeTestMethod(Invoker.java:816)
	at org.testng.internal.Invoker.invokeTestMethods(Invoker.java:1124)
	at org.testng.internal.TestMethodWorker.invokeTestMethods(TestMethodWorker.java:125)
	at org.testng.internal.TestMethodWorker.run(TestMethodWorker.java:108)
	at org.testng.TestRunner.privateRun(TestRunner.java:774)
	at org.testng.TestRunner.run(TestRunner.java:624)
	at org.testng.SuiteRunner.runTest(SuiteRunner.java:359)
	at org.testng.SuiteRunner.runSequentially(SuiteRunner.java:354)
	at org.testng.SuiteRunner.privateRun(SuiteRunner.java:312)
	at org.testng.SuiteRunner.run(SuiteRunner.java:261)
	at org.testng.SuiteRunnerWorker.runSuite(SuiteRunnerWorker.java:52)
	at org.testng.SuiteRunnerWorker.run(SuiteRunnerWorker.java:86)
	at org.testng.TestNG.runSuitesSequentially(TestNG.java:1215)
	at org.testng.TestNG.runSuitesLocally(TestNG.java:1140)
	at org.testng.TestNG.run(TestNG.java:1048)
	at org.apache.maven.surefire.testng.TestNGExecutor.run(TestNGExecutor.java:135)
	at org.apache.maven.surefire.testng.TestNGDirectoryTestSuite.executeSingleClass(TestNGDirectoryTestSuite.java:112)
	at org.apache.maven.surefire.testng.TestNGDirectoryTestSuite.execute(TestNGDirectoryTestSuite.java:99)
	at org.apache.maven.surefire.testng.TestNGProvider.invoke(TestNGProvider.java:146)
	at org.apache.maven.surefire.booter.ForkedBooter.invokeProviderInSameClassLoader(ForkedBooter.java:386)
	at org.apache.maven.surefire.booter.ForkedBooter.runSuitesInProcess(ForkedBooter.java:323)
	at org.apache.maven.surefire.booter.ForkedBooter.main(ForkedBooter.java:143)
]]>
            </full-stacktrace>
          </exception> <!-- java.lang.AssertionError -->
          <reporter-output>
          </reporter-output>
        </test-method> <!-- testAccessibility -->
        <test-method status="PASS" signature="afterMethod()[pri:0, instance:BaseTest@4c37b5b]" name="afterMethod" is-config="true" duration-ms="2" started-at="2020-11-07T14:37:39Z" finished-at="2020-11-07T14:37:39Z">
          <reporter-output>
          </reporter-output>
        </test-method> <!-- afterMethod -->
      </class> <!-- BaseTest -->
    </test> <!-- Surefire test -->
  </suite> <!-- Surefire suite -->
</testng-results>
